<?xml version="1.0" encoding="UTF-8"?>
<!-- Generated by org.testng.reporters.JUnitReportReporter -->
<testsuite skipped="0" hostname="Alkesh-PC" name="com.crm.qa.testcase.LoginPageTest" tests="3" failures="0" timestamp="22 Jul 2018 16:11:19 GMT" time="72.206" errors="0">
  <testcase name="loginPageTitleTest" time="13.676" classname="com.crm.qa.testcase.LoginPageTest"/>
  <testcase name="loginPageLogoTest" time="26.972" classname="com.crm.qa.testcase.LoginPageTest"/>
  <testcase name="checkLoginTest" time="31.558" classname="com.crm.qa.testcase.LoginPageTest"/>
</testsuite> <!-- com.crm.qa.testcase.LoginPageTest -->
