<?xml version="1.0" encoding="UTF-8"?>
<!-- Generated by org.testng.reporters.JUnitReportReporter -->
<testsuite hostname="Alkesh-PC" name="com.crmpro.classic.TestCases.LoginPageTest" tests="1" failures="0" timestamp="2 Jun 2019 15:06:24 GMT" time="42.544" errors="0">
  <testcase name="verifyLogin" time="42.544" classname="com.crmpro.classic.TestCases.LoginPageTest"/>
</testsuite> <!-- com.crmpro.classic.TestCases.LoginPageTest -->
